<?xml version="1.0" encoding="UTF-8"?>
<testsuite name="it.unicam.hackhub.application.controller.ProclamaVincitoreHandlerTest" tests="4" skipped="0" failures="0" errors="0" timestamp="2026-04-26T07:42:42.795Z" hostname="192.168.1.52" time="0.04">
  <properties/>
  <testcase name="proclamaVincitore_FallimentoPerHackathonInesistente()" classname="it.unicam.hackhub.application.controller.ProclamaVincitoreHandlerTest" time="0.023"/>
  <testcase name="proclamaVincitore_Successo()" classname="it.unicam.hackhub.application.controller.ProclamaVincitoreHandlerTest" time="0.004"/>
  <testcase name="getValutazioniTeam_Successo()" classname="it.unicam.hackhub.application.controller.ProclamaVincitoreHandlerTest" time="0.008"/>
  <testcase name="proclamaVincitore_FallimentoPerErrorePagamento()" classname="it.unicam.hackhub.application.controller.ProclamaVincitoreHandlerTest" time="0.001"/>
  <system-out><![CDATA[NOTIFICA: Complimenti ai membri del team Winners, avete vinto!
]]></system-out>
  <system-err><![CDATA[Fallimento: impossibile erogare il premio. L'Hackathon permane in valutazione.
]]></system-err>
</testsuite>
